Error:没有权限下载------>./download/비열한 거리 O.S.T/5295459-曹英沃-청춘의 꿈.mp3
Sat Nov 24 2018 23:37:16 GMT+0800 (中国标准时间)
--------------------------------------------------------------
Error:没有权限下载------>./download/Romantic America/5037639-Richard Clayderman-Yesterday Once More.mp3
Sun Nov 25 2018 00:22:52 GMT+0800 (中国标准时间)
--------------------------------------------------------------
Error:没有权限下载------>C:\mySoft\audioMe\downloads\music\Stolzes Herz/4152184-Lacrimosa-Ich Bin der Brennende Komet.mp3
Sun Nov 25 2018 19:42:47 GMT+0800 (中国标准时间)
--------------------------------------------------------------
Error:没有权限下载------>C:\mySoft\audioMe\downloads\music\万岁2001/156846-王杰-不浪漫罪名.mp3
Sun Nov 25 2018 21:17:43 GMT+0800 (中国标准时间)
--------------------------------------------------------------
Error:没有权限下载------>C:\mySoft\audioMe\downloads\music\万岁2001/156846-王杰-不浪漫罪名.mp3
Sun Nov 25 2018 21:51:23 GMT+0800 (中国标准时间)
--------------------------------------------------------------
Error:没有权限下载------>C:\mySoft\audioMe\downloads\music\十指紧扣/192384-张智霖-十指紧扣.mp3
Sun Nov 25 2018 22:00:08 GMT+0800 (中国标准时间)
--------------------------------------------------------------
Error:没有权限下载------>C:\mySoft\audioMe\downloads\music\The Hunger Games- Songs From District 12 And Beyond/23432713-Taylor Swift-Eyes Open.mp3
Sun Nov 25 2018 22:45:57 GMT+0800 (中国标准时间)
--------------------------------------------------------------
Error:没有权限下载------>C:\mySoft\audioMe\downloads\music\音乐工厂影视主题曲演奏系列 追梦/109172-罗大佑;陈淑桦-滚滚红尘.mp3
Sun Nov 25 2018 22:46:53 GMT+0800 (中国标准时间)
--------------------------------------------------------------
Error:没有权限下载------>C:\mySoft\audioMe\downloads\music\音乐傲骨/110108-李健-传奇(2010深情再版).mp3
Sun Nov 25 2018 22:47:01 GMT+0800 (中国标准时间)
--------------------------------------------------------------
Error:没有权限下载------>C:\mySoft\audioMe\downloads\music\reputation/503207093-Taylor Swift-... Ready For It.mp3
Sun Nov 25 2018 22:53:28 GMT+0800 (中国标准时间)
--------------------------------------------------------------
Error:没有权限下载------>C:\mySoft\audioMe\downloads\music\reputation/501133611-Taylor Swift-Look What You Made Me Do.mp3
Sun Nov 25 2018 22:54:11 GMT+0800 (中国标准时间)
--------------------------------------------------------------
Error:没有权限下载------>C:\mySoft\audioMe\downloads\music\Melody Lane/3023862-Lainey Lou-Oceanside.mp3
Sun Nov 25 2018 22:56:01 GMT+0800 (中国标准时间)
--------------------------------------------------------------
Error:没有权限下载------>C:\mySoft\audioMe\downloads\music\The Beatles - Meet The Beatles!/28778611-The Beatles-Komm, Gib Mir Deine Hand.mp3
Mon Nov 26 2018 00:05:54 GMT+0800 (中国标准时间)
--------------------------------------------------------------
